<?xml version="1.0" encoding="UTF-8"?>
<!-- Generated by org.testng.reporters.JUnitReportReporter -->
<testsuite hostname="LAPTOP-TC45FOI1" failures="0" tests="1" name="testCase.Ttestngdata" time="0.015" errors="0" timestamp="2024-04-16T17:25:44 IST" skipped="0">
  <testcase classname="testCase.Ttestngdata" name="boss" time="0.015"/>
</testsuite> <!-- testCase.Ttestngdata -->
