<?xml version="1.0" encoding="UTF-8"?>
<!-- Generated by org.testng.reporters.JUnitReportReporter -->
<testsuite hostname="LAPTOP-TC45FOI1" failures="0" tests="1" name="testCase.TC_LoginScreen" time="2.452" errors="0" timestamp="2024-06-14T16:07:34 IST" skipped="0">
  <testcase classname="testCase.TC_LoginScreen" name="testlogin" time="2.452"/>
</testsuite> <!-- testCase.TC_LoginScreen -->
