<?xml version="1.0" encoding="UTF-8"?>
<!-- Generated by org.testng.reporters.JUnitReportReporter -->
<testsuite hostname="LAPTOP-TC45FOI1" failures="0" tests="4" name="testCase.TC_LoginPageThriversity" time="9.798" errors="0" timestamp="2024-06-12T19:23:00 IST" skipped="0">
  <testcase classname="testCase.TC_LoginPageThriversity" name="EnterUserName" time="3.517"/>
  <testcase classname="testCase.TC_LoginPageThriversity" name="EnterPassword" time="3.105"/>
  <testcase classname="testCase.TC_LoginPageThriversity" name="clickSubmitButton" time="3.094"/>
  <testcase classname="testCase.TC_LoginPageThriversity" name="checkHeaderImage" time="0.082"/>
</testsuite> <!-- testCase.TC_LoginPageThriversity -->
